

Microchip MPLAB XC8 Assembler V2.10 build 88905656 
                                                                                               Mon May 18 18:15:44 2020

Microchip MPLAB XC8 C Compiler v2.10 (Free license) build 20190730164152 Og1 
     1                           	processor	18F4550
     2                           	fnconf	rparam,??,?,0
     3                           	opt	pw 120
     4                           	opt	flic
     5                           	psect	idataCOMRAM,global,class=CODE,delta=1,noexec
     6                           	psect	cinit,global,reloc=2,class=CODE,delta=1
     7                           	psect	bssCOMRAM,global,class=COMRAM,space=1,delta=1,noexec
     8                           	psect	dataCOMRAM,global,class=COMRAM,space=1,delta=1,noexec
     9                           	psect	cstackCOMRAM,global,class=COMRAM,space=1,delta=1,noexec
    10                           	psect	text0,global,reloc=2,class=CODE,delta=1
    11                           	psect	intsave_regs,global,class=BIGRAM,space=1,delta=1,noexec
    12                           	psect	rparam,global,class=COMRAM,space=1,delta=1,noexec
    13  0000                     
    14                           ; Version 2.10
    15                           ; Generated 31/07/2019 GMT
    16                           ; 
    17                           ; Copyright © 2019, Microchip Technology Inc. and its subsidiaries ("Microchip")
    18                           ; All rights reserved.
    19                           ; 
    20                           ; This software is developed by Microchip Technology Inc. and its subsidiaries ("Microch
      +                          ip").
    21                           ; 
    22                           ; Redistribution and use in source and binary forms, with or without modification, are
    23                           ; permitted provided that the following conditions are met:
    24                           ; 
    25                           ;     1. Redistributions of source code must retain the above copyright notice, this lis
      +                          t of
    26                           ;        conditions and the following disclaimer.
    27                           ; 
    28                           ;     2. Redistributions in binary form must reproduce the above copyright notice, this 
      +                          list
    29                           ;        of conditions and the following disclaimer in the documentation and/or other
    30                           ;        materials provided with the distribution.
    31                           ; 
    32                           ;     3. Microchip's name may not be used to endorse or promote products derived from th
      +                          is
    33                           ;        software without specific prior written permission.
    34                           ; 
    35                           ; THIS SOFTWARE IS PROVIDED BY MICROCHIP "AS IS" AND ANY EXPRESS OR IMPLIED WARRANTIES,
    36                           ; INCLUDING, BUT NOT LIMITED TO, THE IMPLIED WARRANTIES OF MERCHANTABILITY AND FITNESS F
      +                          OR
    37                           ; PURPOSE ARE DISCLAIMED.  IN NO EVENT SHALL MICROCHIP BE LIABLE FOR ANY DIRECT, INDIREC
      +                          T,
    38                           ; INCIDENTAL, SPECIAL, EXEMPLARY, OR CONSEQUENTIAL DAMAGES (INCLUDING BUT NOT LIMITED TO
    39                           ; PROCUREMENT OF SUBSTITUTE GOODS OR SERVICES; LOSS OF USE, DATA OR PROFITS; OR BUSINESS
    40                           ; INTERRUPTION) HOWSOEVER CAUSED AND ON ANY THEORY OF LIABILITY, WHETHER IN CONTRACT, ST
      +                          RICT
    41                           ; LIABILITY, OR TORT (INCLUDING NEGLIGENCE OR OTHERWISE) ARISING IN ANY WAY OUT OF THE U
      +                          SE OF
    42                           ; THIS SOFTWARE, EVEN IF ADVISED OF THE POSSIBILITY OF SUCH DAMAGE.
    43                           ; 
    44                           ; 
    45                           ; Code-generator required, PIC18F4550 Definitions
    46                           ; 
    47                           ; SFR Addresses
    48  0000                     
    49                           	psect	idataCOMRAM
    50  007FBA                     __pidataCOMRAM:
    51                           	opt callstack 0
    52                           
    53                           ;initializer for _numero
    54  007FBA  04C3               	dw	1219
    55                           
    56                           ;initializer for _palabra
    57  007FBC  0099               	dw	153
    58  0000                     _PORTD	set	3971
    59  0000                     _PORTC	set	3970
    60  0000                     _TRISC	set	3988
    61  0000                     _TRISD	set	3989
    62                           
    63                           ; #config settings
    64  0000                     
    65                           	psect	cinit
    66  007FD6                     __pcinit:
    67                           	opt callstack 0
    68  007FD6                     start_initialization:
    69                           	opt callstack 0
    70  007FD6                     __initialization:
    71                           	opt callstack 0
    72                           
    73                           ; Initialize objects allocated to COMRAM (4 bytes)
    74                           ; load TBLPTR registers with __pidataCOMRAM
    75  007FD6  0EBA               	movlw	low __pidataCOMRAM
    76  007FD8  6EF6               	movwf	tblptrl,c
    77  007FDA  0E7F               	movlw	high __pidataCOMRAM
    78  007FDC  6EF7               	movwf	tblptrh,c
    79  007FDE  0E00               	movlw	low (__pidataCOMRAM shr (0+16))
    80  007FE0  6EF8               	movwf	tblptru,c
    81  007FE2  EE00  F001         	lfsr	0,__pdataCOMRAM
    82  007FE6  EE10 F004          	lfsr	1,4
    83  007FEA                     copy_data0:
    84  007FEA  0009               	tblrd		*+
    85  007FEC  CFF5 FFEE          	movff	tablat,postinc0
    86  007FF0  50E5               	movf	postdec1,w,c
    87  007FF2  50E1               	movf	fsr1l,w,c
    88  007FF4  E1FA               	bnz	copy_data0
    89                           
    90                           ; Clear objects allocated to COMRAM (2 bytes)
    91  007FF6  6A06               	clrf	(__pbssCOMRAM+1)& (0+255),c
    92  007FF8  6A05               	clrf	__pbssCOMRAM& (0+255),c
    93  007FFA                     end_of_initialization:
    94                           	opt callstack 0
    95  007FFA                     __end_of__initialization:
    96                           	opt callstack 0
    97  007FFA  0100               	movlb	0
    98  007FFC  EFDF  F03F         	goto	_main	;jump to C main() function
    99                           
   100                           	psect	bssCOMRAM
   101  000005                     __pbssCOMRAM:
   102                           	opt callstack 0
   103  000005                     _rotador:
   104                           	opt callstack 0
   105  000005                     	ds	2
   106                           
   107                           	psect	dataCOMRAM
   108  000001                     __pdataCOMRAM:
   109                           	opt callstack 0
   110  000001                     _numero:
   111                           	opt callstack 0
   112  000001                     	ds	2
   113  000003                     _palabra:
   114                           	opt callstack 0
   115  000003                     	ds	2
   116                           
   117                           	psect	cstackCOMRAM
   118  000000                     __pcstackCOMRAM:
   119                           	opt callstack 0
   120  000000                     
   121                           ; 1 bytes @ 0x0
   122 ;;
   123 ;;Main: autosize = 0, tempsize = 0, incstack = 0, save=0
   124 ;;
   125 ;; *************** function _main *****************
   126 ;; Defined at:
   127 ;;		line 8 in file "main.c"
   128 ;; Parameters:    Size  Location     Type
   129 ;;		None
   130 ;; Auto vars:     Size  Location     Type
   131 ;;		None
   132 ;; Return value:  Size  Location     Type
   133 ;;                  1    wreg      void 
   134 ;; Registers used:
   135 ;;		wreg, status,2
   136 ;; Tracked objects:
   137 ;;		On entry : 0/0
   138 ;;		On exit  : 0/0
   139 ;;		Unchanged: 0/0
   140 ;; Data sizes:     COMRAM   BANK0   BANK1   BANK2   BANK3   BANK4   BANK5   BANK6   BANK7
   141 ;;      Params:         0       0       0       0       0       0       0       0       0
   142 ;;      Locals:         0       0       0       0       0       0       0       0       0
   143 ;;      Temps:          0       0       0       0       0       0       0       0       0
   144 ;;      Totals:         0       0       0       0       0       0       0       0       0
   145 ;;Total ram usage:        0 bytes
   146 ;; This function calls:
   147 ;;		Nothing
   148 ;; This function is called by:
   149 ;;		Startup code after reset
   150 ;; This function uses a non-reentrant model
   151 ;;
   152                           
   153                           	psect	text0
   154  007FBE                     __ptext0:
   155                           	opt callstack 0
   156  007FBE                     _main:
   157                           	opt callstack 31
   158  007FBE                     
   159                           ;main.c: 9:     TRISD = 0x00;
   160  007FBE  0E00               	movlw	0
   161  007FC0  6E95               	movwf	149,c	;volatile
   162                           
   163                           ;main.c: 10:     TRISC = 0x00;
   164  007FC2  0E00               	movlw	0
   165  007FC4  6E94               	movwf	148,c	;volatile
   166  007FC6                     l19:
   167                           
   168                           ;main.c: 13:         PORTC= numero>>8;
   169  007FC6  0E04               	movlw	4
   170  007FC8  6E82               	movwf	130,c	;volatile
   171                           
   172                           ;main.c: 14:         PORTD= numero;
   173  007FCA  0EC3               	movlw	195
   174  007FCC  6E83               	movwf	131,c	;volatile
   175  007FCE  EFE3  F03F         	goto	l19
   176  007FD2  EF00  F000         	goto	start
   177  007FD6                     __end_of_main:
   178                           	opt callstack 0
   179  0000                     
   180                           	psect	rparam
   181  0000                     tosu	equ	0xFFF
   182                           tosh	equ	0xFFE
   183                           tosl	equ	0xFFD
   184                           stkptr	equ	0xFFC
   185                           pclatu	equ	0xFFB
   186                           pclath	equ	0xFFA
   187                           pcl	equ	0xFF9
   188                           tblptru	equ	0xFF8
   189                           tblptrh	equ	0xFF7
   190                           tblptrl	equ	0xFF6
   191                           tablat	equ	0xFF5
   192                           prodh	equ	0xFF4
   193                           prodl	equ	0xFF3
   194                           indf0	equ	0xFEF
   195                           postinc0	equ	0xFEE
   196                           postdec0	equ	0xFED
   197                           preinc0	equ	0xFEC
   198                           plusw0	equ	0xFEB
   199                           fsr0h	equ	0xFEA
   200                           fsr0l	equ	0xFE9
   201                           wreg	equ	0xFE8
   202                           indf1	equ	0xFE7
   203                           postinc1	equ	0xFE6
   204                           postdec1	equ	0xFE5
   205                           preinc1	equ	0xFE4
   206                           plusw1	equ	0xFE3
   207                           fsr1h	equ	0xFE2
   208                           fsr1l	equ	0xFE1
   209                           bsr	equ	0xFE0
   210                           indf2	equ	0xFDF
   211                           postinc2	equ	0xFDE
   212                           postdec2	equ	0xFDD
   213                           preinc2	equ	0xFDC
   214                           plusw2	equ	0xFDB
   215                           fsr2h	equ	0xFDA
   216                           fsr2l	equ	0xFD9
   217                           status	equ	0xFD8


Data Sizes:
    Strings     0
    Constant    0
    Data        4
    BSS         2
    Persistent  0
    Stack       0

Auto Spaces:
    Space          Size  Autos    Used
    COMRAM           95      0       6
    BANK0           160      0       0
    BANK1           256      0       0
    BANK2           256      0       0
    BANK3           256      0       0
    BANK4           256      0       0
    BANK5           256      0       0
    BANK6           256      0       0
    BANK7           256      0       0

Pointer List with Targets:

    None.

Critical Paths under _main in COMRAM

    None.

Critical Paths under _main in BANK0

    None.

Critical Paths under _main in BANK1

    None.

Critical Paths under _main in BANK2

    None.

Critical Paths under _main in BANK3

    None.

Critical Paths under _main in BANK4

    None.

Critical Paths under _main in BANK5

    None.

Critical Paths under _main in BANK6

    None.

Critical Paths under _main in BANK7

    None.

Call Graph Tables:

 ---------------------------------------------------------------------------------
 (Depth) Function   	        Calls       Base Space   Used Autos Params    Refs
 ---------------------------------------------------------------------------------
 (0) _main                                                 0     0      0       0
 ---------------------------------------------------------------------------------
 Estimated maximum stack depth 0
 ---------------------------------------------------------------------------------

 Call Graph Graphs:

 _main (ROOT)

 Address spaces:
Name               Size   Autos  Total    Cost      Usage
BIGRAM             7FF      0       0      21        0.0%
EEDATA             100      0       0       0        0.0%
BITBANK7           100      0       0      18        0.0%
BANK7              100      0       0      19        0.0%
BITBANK6           100      0       0      16        0.0%
BANK6              100      0       0      17        0.0%
BITBANK5           100      0       0      14        0.0%
BANK5              100      0       0      15        0.0%
BITBANK4           100      0       0      12        0.0%
BANK4              100      0       0      13        0.0%
BITBANK3           100      0       0      10        0.0%
BANK3              100      0       0      11        0.0%
BITBANK2           100      0       0       8        0.0%
BANK2              100      0       0       9        0.0%
BITBANK1           100      0       0       6        0.0%
BANK1              100      0       0       7        0.0%
BITBANK0            A0      0       0       4        0.0%
BANK0               A0      0       0       5        0.0%
BITCOMRAM           5F      0       0       0        0.0%
COMRAM              5F      0       6       1        6.3%
BITSFR               0      0       0     200        0.0%
SFR                  0      0       0     200        0.0%
STACK                0      0       0       2        0.0%
NULL                 0      0       0       0        0.0%
ABS                  0      0       6      20        0.0%
DATA                 0      0       6       3        0.0%
CODE                 0      0       0       0        0.0%


Microchip Technology PIC18 Macro Assembler V2.10 build 88905656 
Symbol Table                                                                                   Mon May 18 18:15:44 2020

                     l19 7FC6              __CFG_BORV$3 000000             __CFG_CP0$OFF 000000  
           __CFG_CP1$OFF 000000             __CFG_CP2$OFF 000000             __CFG_CP3$OFF 000000  
                    l698 7FBE             __CFG_CPB$OFF 000000             __CFG_CPD$OFF 000000  
           __CFG_BOR$OFF 000000             __CFG_LVP$OFF 000000             __CFG_WDT$OFF 000000  
                   _main 7FBE                     fsr1l 000FE1                     start 0000  
          __CFG_IESO$OFF 000000            __CFG_MCLRE$ON 000000             ___param_bank 000000  
          __CFG_PLLDIV$1 000000           __CFG_CCP2MX$ON 000000                    ?_main 0000  
                  _PORTC 000F82                    _PORTD 000F83            __CFG_USBDIV$1 000000  
                  _TRISC 000F94                    _TRISD 000F95            __CFG_PWRT$OFF 000000  
          __CFG_WRT0$OFF 000000            __CFG_WRT1$OFF 000000            __CFG_WRT2$OFF 000000  
          __CFG_WRT3$OFF 000000           __CFG_EBTR0$OFF 000000           __CFG_FCMEN$OFF 000000  
         __CFG_EBTR1$OFF 000000           __CFG_EBTR2$OFF 000000           __CFG_EBTR3$OFF 000000  
          __CFG_WRTB$OFF 000000            __CFG_WRTC$OFF 000000            __CFG_WRTD$OFF 000000  
         __CFG_EBTRB$OFF 000000                    tablat 000FF5           __CFG_ICPRT$OFF 000000  
        __initialization 7FD6             __end_of_main 7FD6                   ??_main 0000  
          __activetblptr 000000           __CFG_XINST$OFF 000000           __CFG_STVREN$ON 000000  
                 _numero 0001             __pdataCOMRAM 0001                   tblptrh 000FF7  
                 tblptrl 000FF6                   tblptru 000FF8               __accesstop 0060  
__end_of__initialization 7FFA          __CFG_PBADEN$OFF 000000            ___rparam_used 000001  
         __pcstackCOMRAM 0000          __CFG_VREGEN$OFF 000000                  __Hparam 0000  
                __Lparam 0000                  __pcinit 7FD6                  __ramtop 0800  
                __ptext0 7FBE                  _palabra 0003                  _rotador 0005  
   end_of_initialization 7FFA                  postdec1 000FE5                  postinc0 000FEE  
          __pidataCOMRAM 7FBA      start_initialization 7FD6         __CFG_LPT1OSC$OFF 000000  
            __pbssCOMRAM 0005         __CFG_WDTPS$32768 000000                copy_data0 7FEA  
               __Hrparam 0000                 __Lrparam 0000    __CFG_FOSC$INTOSCIO_EC 000000  
          __size_of_main 0018    __CFG_CPUDIV$OSC1_PLL2 000000  
