

Microchip MPLAB XC8 Assembler V2.10 build 88905656 
                                                                                               Fri May 08 09:00:32 2020

Microchip MPLAB XC8 C Compiler v2.10 (Free license) build 20190730164152 Og1 
     1                           	processor	18F4550
     2                           	fnconf	rparam,??,?,0
     3                           	opt	pw 120
     4                           	opt	flic
     5                           	psect	cinit,global,reloc=2,class=CODE,delta=1
     6                           	psect	bssCOMRAM,global,class=COMRAM,space=1,delta=1,noexec
     7                           	psect	cstackCOMRAM,global,class=COMRAM,space=1,delta=1,noexec
     8                           	psect	text0,global,reloc=2,class=CODE,delta=1
     9                           	psect	intsave_regs,global,class=BIGRAM,space=1,delta=1,noexec
    10                           	psect	rparam,global,class=COMRAM,space=1,delta=1,noexec
    11  0000                     
    12                           ; Version 2.10
    13                           ; Generated 31/07/2019 GMT
    14                           ; 
    15                           ; Copyright © 2019, Microchip Technology Inc. and its subsidiaries ("Microchip")
    16                           ; All rights reserved.
    17                           ; 
    18                           ; This software is developed by Microchip Technology Inc. and its subsidiaries ("Microch
      +                          ip").
    19                           ; 
    20                           ; Redistribution and use in source and binary forms, with or without modification, are
    21                           ; permitted provided that the following conditions are met:
    22                           ; 
    23                           ;     1. Redistributions of source code must retain the above copyright notice, this lis
      +                          t of
    24                           ;        conditions and the following disclaimer.
    25                           ; 
    26                           ;     2. Redistributions in binary form must reproduce the above copyright notice, this 
      +                          list
    27                           ;        of conditions and the following disclaimer in the documentation and/or other
    28                           ;        materials provided with the distribution.
    29                           ; 
    30                           ;     3. Microchip's name may not be used to endorse or promote products derived from th
      +                          is
    31                           ;        software without specific prior written permission.
    32                           ; 
    33                           ; THIS SOFTWARE IS PROVIDED BY MICROCHIP "AS IS" AND ANY EXPRESS OR IMPLIED WARRANTIES,
    34                           ; INCLUDING, BUT NOT LIMITED TO, THE IMPLIED WARRANTIES OF MERCHANTABILITY AND FITNESS F
      +                          OR
    35                           ; PURPOSE ARE DISCLAIMED.  IN NO EVENT SHALL MICROCHIP BE LIABLE FOR ANY DIRECT, INDIREC
      +                          T,
    36                           ; INCIDENTAL, SPECIAL, EXEMPLARY, OR CONSEQUENTIAL DAMAGES (INCLUDING BUT NOT LIMITED TO
    37                           ; PROCUREMENT OF SUBSTITUTE GOODS OR SERVICES; LOSS OF USE, DATA OR PROFITS; OR BUSINESS
    38                           ; INTERRUPTION) HOWSOEVER CAUSED AND ON ANY THEORY OF LIABILITY, WHETHER IN CONTRACT, ST
      +                          RICT
    39                           ; LIABILITY, OR TORT (INCLUDING NEGLIGENCE OR OTHERWISE) ARISING IN ANY WAY OUT OF THE U
      +                          SE OF
    40                           ; THIS SOFTWARE, EVEN IF ADVISED OF THE POSSIBILITY OF SUCH DAMAGE.
    41                           ; 
    42                           ; 
    43                           ; Code-generator required, PIC18F4550 Definitions
    44                           ; 
    45                           ; SFR Addresses
    46  0000                     _PORTA	set	3968
    47  0000                     _PORTBbits	set	3969
    48  0000                     _TRISBbits	set	3987
    49  0000                     _TRISA	set	3986
    50  0000                     _ADCON1	set	4033
    51                           
    52                           ; #config settings
    53  0000                     
    54                           	psect	cinit
    55  007F94                     __pcinit:
    56                           	opt callstack 0
    57  007F94                     start_initialization:
    58                           	opt callstack 0
    59  007F94                     __initialization:
    60                           	opt callstack 0
    61                           
    62                           ; Clear objects allocated to COMRAM (2 bytes)
    63  007F94  6A02               	clrf	(__pbssCOMRAM+1)& (0+255),c
    64  007F96  6A01               	clrf	__pbssCOMRAM& (0+255),c
    65  007F98                     end_of_initialization:
    66                           	opt callstack 0
    67  007F98                     __end_of__initialization:
    68                           	opt callstack 0
    69  007F98  0100               	movlb	0
    70  007F9A  EFCF  F03F         	goto	_main	;jump to C main() function
    71                           
    72                           	psect	bssCOMRAM
    73  000001                     __pbssCOMRAM:
    74                           	opt callstack 0
    75  000001                     _contador:
    76                           	opt callstack 0
    77  000001                     	ds	2
    78                           
    79                           	psect	cstackCOMRAM
    80  000003                     __pcstackCOMRAM:
    81                           	opt callstack 0
    82  000003                     ??_main:
    83                           
    84                           ; 1 bytes @ 0x0
    85  000003                     	ds	2
    86                           
    87 ;;
    88 ;;Main: autosize = 0, tempsize = 2, incstack = 0, save=0
    89 ;;
    90 ;; *************** function _main *****************
    91 ;; Defined at:
    92 ;;		line 11 in file "main.c"
    93 ;; Parameters:    Size  Location     Type
    94 ;;		None
    95 ;; Auto vars:     Size  Location     Type
    96 ;;		None
    97 ;; Return value:  Size  Location     Type
    98 ;;                  1    wreg      void 
    99 ;; Registers used:
   100 ;;		wreg, status,2, status,0
   101 ;; Tracked objects:
   102 ;;		On entry : 0/0
   103 ;;		On exit  : 0/0
   104 ;;		Unchanged: 0/0
   105 ;; Data sizes:     COMRAM   BANK0   BANK1   BANK2   BANK3   BANK4   BANK5   BANK6   BANK7
   106 ;;      Params:         0       0       0       0       0       0       0       0       0
   107 ;;      Locals:         0       0       0       0       0       0       0       0       0
   108 ;;      Temps:          2       0       0       0       0       0       0       0       0
   109 ;;      Totals:         2       0       0       0       0       0       0       0       0
   110 ;;Total ram usage:        2 bytes
   111 ;; This function calls:
   112 ;;		Nothing
   113 ;; This function is called by:
   114 ;;		Startup code after reset
   115 ;; This function uses a non-reentrant model
   116 ;;
   117                           
   118                           	psect	text0
   119  007F9E                     __ptext0:
   120                           	opt callstack 0
   121  007F9E                     _main:
   122                           	opt callstack 31
   123  007F9E                     
   124                           ;main.c: 13:     ADCON1=0x0F;
   125  007F9E  0E0F               	movlw	15
   126  007FA0  6EC1               	movwf	193,c	;volatile
   127                           
   128                           ;main.c: 16:     TRISA = 0x00;
   129  007FA2  0E00               	movlw	0
   130  007FA4  6E92               	movwf	146,c	;volatile
   131  007FA6                     
   132                           ;main.c: 17:     TRISBbits.RB0=1;
   133  007FA6  8093               	bsf	147,0,c	;volatile
   134  007FA8                     l704:
   135                           
   136                           ;main.c: 20:       if(PORTBbits.RB0==1){
   137  007FA8  A081               	btfss	129,0,c	;volatile
   138  007FAA  EFD9  F03F         	goto	u11
   139  007FAE  EFDB  F03F         	goto	u10
   140  007FB2                     u11:
   141  007FB2  EFFA  F03F         	goto	l712
   142  007FB6                     u10:
   143  007FB6                     
   144                           ;main.c: 21:           _delay((unsigned long)((500)*(4000000L/4000.0)));
   145  007FB6  0E03               	movlw	3
   146  007FB8  6E04               	movwf	(??_main+1)^0,c
   147  007FBA  0E8A               	movlw	138
   148  007FBC  6E03               	movwf	??_main^0,c
   149  007FBE  0E56               	movlw	86
   150  007FC0                     u37:
   151  007FC0  2EE8               	decfsz	wreg,f,c
   152  007FC2  D7FE               	bra	u37
   153  007FC4  2E03               	decfsz	??_main^0,f,c
   154  007FC6  D7FC               	bra	u37
   155  007FC8  2E04               	decfsz	(??_main+1)^0,f,c
   156  007FCA  D7FA               	bra	u37
   157  007FCC                     
   158                           ;main.c: 22:           contador++;
   159  007FCC  4A01               	infsnz	_contador^0,f,c
   160  007FCE  2A02               	incf	(_contador+1)^0,f,c
   161                           
   162                           ;main.c: 23:           if(contador>7){
   163  007FD0  BE02               	btfsc	(_contador+1)^0,7,c
   164  007FD2  EFF4  F03F         	goto	u21
   165  007FD6  5002               	movf	(_contador+1)^0,w,c
   166  007FD8  E109               	bnz	u20
   167  007FDA  0E08               	movlw	8
   168  007FDC  5C01               	subwf	_contador^0,w,c
   169  007FDE  A0D8               	btfss	status,0,c
   170  007FE0  EFF4  F03F         	goto	u21
   171  007FE4  EFF6  F03F         	goto	u20
   172  007FE8                     u21:
   173  007FE8  EFFA  F03F         	goto	l712
   174  007FEC                     u20:
   175  007FEC                     
   176                           ;main.c: 24:               contador=0;
   177  007FEC  0E00               	movlw	0
   178  007FEE  6E02               	movwf	(_contador+1)^0,c
   179  007FF0  0E00               	movlw	0
   180  007FF2  6E01               	movwf	_contador^0,c
   181  007FF4                     l712:
   182                           
   183                           ;main.c: 27:       PORTA=contador;
   184  007FF4  C001  FF80         	movff	_contador,3968	;volatile
   185  007FF8  EFD4  F03F         	goto	l704
   186  007FFC  EF00  F000         	goto	start
   187  008000                     __end_of_main:
   188                           	opt callstack 0
   189  0000                     
   190                           	psect	rparam
   191  0000                     tosu	equ	0xFFF
   192                           tosh	equ	0xFFE
   193                           tosl	equ	0xFFD
   194                           stkptr	equ	0xFFC
   195                           pclatu	equ	0xFFB
   196                           pclath	equ	0xFFA
   197                           pcl	equ	0xFF9
   198                           tblptru	equ	0xFF8
   199                           tblptrh	equ	0xFF7
   200                           tblptrl	equ	0xFF6
   201                           tablat	equ	0xFF5
   202                           prodh	equ	0xFF4
   203                           prodl	equ	0xFF3
   204                           indf0	equ	0xFEF
   205                           postinc0	equ	0xFEE
   206                           postdec0	equ	0xFED
   207                           preinc0	equ	0xFEC
   208                           plusw0	equ	0xFEB
   209                           fsr0h	equ	0xFEA
   210                           fsr0l	equ	0xFE9
   211                           wreg	equ	0xFE8
   212                           indf1	equ	0xFE7
   213                           postinc1	equ	0xFE6
   214                           postdec1	equ	0xFE5
   215                           preinc1	equ	0xFE4
   216                           plusw1	equ	0xFE3
   217                           fsr1h	equ	0xFE2
   218                           fsr1l	equ	0xFE1
   219                           bsr	equ	0xFE0
   220                           indf2	equ	0xFDF
   221                           postinc2	equ	0xFDE
   222                           postdec2	equ	0xFDD
   223                           preinc2	equ	0xFDC
   224                           plusw2	equ	0xFDB
   225                           fsr2h	equ	0xFDA
   226                           fsr2l	equ	0xFD9
   227                           status	equ	0xFD8


Data Sizes:
    Strings     0
    Constant    0
    Data        0
    BSS         2
    Persistent  0
    Stack       0

Auto Spaces:
    Space          Size  Autos    Used
    COMRAM           95      2       4
    BANK0           160      0       0
    BANK1           256      0       0
    BANK2           256      0       0
    BANK3           256      0       0
    BANK4           256      0       0
    BANK5           256      0       0
    BANK6           256      0       0
    BANK7           256      0       0

Pointer List with Targets:

    None.

Critical Paths under _main in COMRAM

    None.

Critical Paths under _main in BANK0

    None.

Critical Paths under _main in BANK1

    None.

Critical Paths under _main in BANK2

    None.

Critical Paths under _main in BANK3

    None.

Critical Paths under _main in BANK4

    None.

Critical Paths under _main in BANK5

    None.

Critical Paths under _main in BANK6

    None.

Critical Paths under _main in BANK7

    None.

Call Graph Tables:

 ---------------------------------------------------------------------------------
 (Depth) Function   	        Calls       Base Space   Used Autos Params    Refs
 ---------------------------------------------------------------------------------
 (0) _main                                                 2     2      0       0
                                              0 COMRAM     2     2      0
 ---------------------------------------------------------------------------------
 Estimated maximum stack depth 0
 ---------------------------------------------------------------------------------

 Call Graph Graphs:

 _main (ROOT)

 Address spaces:
Name               Size   Autos  Total    Cost      Usage
BIGRAM             7FF      0       0      21        0.0%
EEDATA             100      0       0       0        0.0%
BITBANK7           100      0       0      18        0.0%
BANK7              100      0       0      19        0.0%
BITBANK6           100      0       0      16        0.0%
BANK6              100      0       0      17        0.0%
BITBANK5           100      0       0      14        0.0%
BANK5              100      0       0      15        0.0%
BITBANK4           100      0       0      12        0.0%
BANK4              100      0       0      13        0.0%
BITBANK3           100      0       0      10        0.0%
BANK3              100      0       0      11        0.0%
BITBANK2           100      0       0       8        0.0%
BANK2              100      0       0       9        0.0%
BITBANK1           100      0       0       6        0.0%
BANK1              100      0       0       7        0.0%
BITBANK0            A0      0       0       4        0.0%
BANK0               A0      0       0       5        0.0%
BITCOMRAM           5F      0       0       0        0.0%
COMRAM              5F      2       4       1        4.2%
BITSFR               0      0       0     200        0.0%
SFR                  0      0       0     200        0.0%
STACK                0      0       0       2        0.0%
NULL                 0      0       0       0        0.0%
ABS                  0      0       4      20        0.0%
DATA                 0      0       4       3        0.0%
CODE                 0      0       0       0        0.0%


Microchip Technology PIC18 Macro Assembler V2.10 build 88905656 
Symbol Table                                                                                   Fri May 08 09:00:32 2020

                     u10 7FB6                       u11 7FB2                       u20 7FEC  
                     u21 7FE8                       u37 7FC0              __CFG_BORV$3 000000  
           __CFG_CP0$OFF 000000             __CFG_CP1$OFF 000000             __CFG_CP2$OFF 000000  
           __CFG_CP3$OFF 000000                      l700 7F9E                      l710 7FEC  
                    l702 7FA6                      l712 7FF4                      l704 7FA8  
                    l706 7FB6                      l708 7FCC             __CFG_CPB$OFF 000000  
           __CFG_CPD$OFF 000000             __CFG_BOR$OFF 000000                      wreg 000FE8  
           __CFG_FOSC$HS 000000             __CFG_LVP$OFF 000000             __CFG_WDT$OFF 000000  
                   _main 7F9E                     start 0000            __CFG_IESO$OFF 000000  
          __CFG_MCLRE$ON 000000             ___param_bank 000000            __CFG_PLLDIV$1 000000  
         __CFG_CCP2MX$ON 000000                    ?_main 0003                    _PORTA 000F80  
          __CFG_USBDIV$1 000000                    _TRISA 000F92            __CFG_PWRT$OFF 000000  
          __CFG_WRT0$OFF 000000            __CFG_WRT1$OFF 000000            __CFG_WRT2$OFF 000000  
          __CFG_WRT3$OFF 000000           __CFG_EBTR0$OFF 000000           __CFG_FCMEN$OFF 000000  
         __CFG_EBTR1$OFF 000000           __CFG_EBTR2$OFF 000000           __CFG_EBTR3$OFF 000000  
          __CFG_WRTB$OFF 000000            __CFG_WRTC$OFF 000000            __CFG_WRTD$OFF 000000  
         __CFG_EBTRB$OFF 000000                    status 000FD8           __CFG_ICPRT$OFF 000000  
        __initialization 7F94             __end_of_main 8000                   ??_main 0003  
          __activetblptr 000000                   _ADCON1 000FC1           __CFG_XINST$OFF 000000  
         __CFG_STVREN$ON 000000               __accesstop 0060  __end_of__initialization 7F98  
        __CFG_PBADEN$OFF 000000            ___rparam_used 000001           __pcstackCOMRAM 0003  
        __CFG_VREGEN$OFF 000000                  __Hparam 0000                  __Lparam 0000  
                __pcinit 7F94                  __ramtop 0800                  __ptext0 7F9E  
   end_of_initialization 7F98                _PORTBbits 000F81                _TRISBbits 000F93  
    start_initialization 7F94         __CFG_LPT1OSC$OFF 000000              __pbssCOMRAM 0001  
       __CFG_WDTPS$32768 000000                 __Hrparam 0000                 __Lrparam 0000  
               _contador 0001            __size_of_main 0062    __CFG_CPUDIV$OSC1_PLL2 000000  
