

Microchip MPLAB XC8 Assembler V2.10 build 88905656 
                                                                                               Sun May 24 14:45:02 2020

Microchip MPLAB XC8 C Compiler v2.10 (Free license) build 20190730164152 Og1 
     1                           	processor	18F4550
     2                           	fnconf	rparam,??,?,0
     3                           	opt	pw 120
     4                           	opt	flic
     5                           	psect	cinit,global,reloc=2,class=CODE,delta=1
     6                           	psect	cstackCOMRAM,global,class=COMRAM,space=1,delta=1,noexec
     7                           	psect	text0,global,reloc=2,class=CODE,delta=1
     8                           	psect	intsave_regs,global,class=BIGRAM,space=1,delta=1,noexec
     9                           	psect	rparam,global,class=COMRAM,space=1,delta=1,noexec
    10  0000                     
    11                           ; Version 2.10
    12                           ; Generated 31/07/2019 GMT
    13                           ; 
    14                           ; Copyright © 2019, Microchip Technology Inc. and its subsidiaries ("Microchip")
    15                           ; All rights reserved.
    16                           ; 
    17                           ; This software is developed by Microchip Technology Inc. and its subsidiaries ("Microch
      +                          ip").
    18                           ; 
    19                           ; Redistribution and use in source and binary forms, with or without modification, are
    20                           ; permitted provided that the following conditions are met:
    21                           ; 
    22                           ;     1. Redistributions of source code must retain the above copyright notice, this lis
      +                          t of
    23                           ;        conditions and the following disclaimer.
    24                           ; 
    25                           ;     2. Redistributions in binary form must reproduce the above copyright notice, this 
      +                          list
    26                           ;        of conditions and the following disclaimer in the documentation and/or other
    27                           ;        materials provided with the distribution.
    28                           ; 
    29                           ;     3. Microchip's name may not be used to endorse or promote products derived from th
      +                          is
    30                           ;        software without specific prior written permission.
    31                           ; 
    32                           ; THIS SOFTWARE IS PROVIDED BY MICROCHIP "AS IS" AND ANY EXPRESS OR IMPLIED WARRANTIES,
    33                           ; INCLUDING, BUT NOT LIMITED TO, THE IMPLIED WARRANTIES OF MERCHANTABILITY AND FITNESS F
      +                          OR
    34                           ; PURPOSE ARE DISCLAIMED.  IN NO EVENT SHALL MICROCHIP BE LIABLE FOR ANY DIRECT, INDIREC
      +                          T,
    35                           ; INCIDENTAL, SPECIAL, EXEMPLARY, OR CONSEQUENTIAL DAMAGES (INCLUDING BUT NOT LIMITED TO
    36                           ; PROCUREMENT OF SUBSTITUTE GOODS OR SERVICES; LOSS OF USE, DATA OR PROFITS; OR BUSINESS
    37                           ; INTERRUPTION) HOWSOEVER CAUSED AND ON ANY THEORY OF LIABILITY, WHETHER IN CONTRACT, ST
      +                          RICT
    38                           ; LIABILITY, OR TORT (INCLUDING NEGLIGENCE OR OTHERWISE) ARISING IN ANY WAY OUT OF THE U
      +                          SE OF
    39                           ; THIS SOFTWARE, EVEN IF ADVISED OF THE POSSIBILITY OF SUCH DAMAGE.
    40                           ; 
    41                           ; 
    42                           ; Code-generator required, PIC18F4550 Definitions
    43                           ; 
    44                           ; SFR Addresses
    45  0000                     _ADRESH	set	4036
    46  0000                     _LATC	set	3979
    47  0000                     _ADRESL	set	4035
    48  0000                     _LATD	set	3980
    49  0000                     _ADCON2bits	set	4032
    50  0000                     _ADCON0bits	set	4034
    51  0000                     _ADCON1	set	4033
    52  0000                     _TRISD	set	3989
    53  0000                     _TRISC	set	3988
    54                           
    55                           ; #config settings
    56  0000                     
    57                           	psect	cinit
    58  007F9E                     __pcinit:
    59                           	opt callstack 0
    60  007F9E                     start_initialization:
    61                           	opt callstack 0
    62  007F9E                     __initialization:
    63                           	opt callstack 0
    64  007F9E                     end_of_initialization:
    65                           	opt callstack 0
    66  007F9E                     __end_of__initialization:
    67                           	opt callstack 0
    68  007F9E  0100               	movlb	0
    69  007FA0  EFD2  F03F         	goto	_main	;jump to C main() function
    70                           
    71                           	psect	cstackCOMRAM
    72  000001                     __pcstackCOMRAM:
    73                           	opt callstack 0
    74  000001                     ??_main:
    75                           
    76                           ; 1 bytes @ 0x0
    77  000001                     	ds	1
    78                           
    79 ;;
    80 ;;Main: autosize = 0, tempsize = 1, incstack = 0, save=0
    81 ;;
    82 ;; *************** function _main *****************
    83 ;; Defined at:
    84 ;;		line 12 in file "main.c"
    85 ;; Parameters:    Size  Location     Type
    86 ;;		None
    87 ;; Auto vars:     Size  Location     Type
    88 ;;		None
    89 ;; Return value:  Size  Location     Type
    90 ;;                  1    wreg      void 
    91 ;; Registers used:
    92 ;;		wreg, status,2
    93 ;; Tracked objects:
    94 ;;		On entry : 0/0
    95 ;;		On exit  : 0/0
    96 ;;		Unchanged: 0/0
    97 ;; Data sizes:     COMRAM   BANK0   BANK1   BANK2   BANK3   BANK4   BANK5   BANK6   BANK7
    98 ;;      Params:         0       0       0       0       0       0       0       0       0
    99 ;;      Locals:         0       0       0       0       0       0       0       0       0
   100 ;;      Temps:          1       0       0       0       0       0       0       0       0
   101 ;;      Totals:         1       0       0       0       0       0       0       0       0
   102 ;;Total ram usage:        1 bytes
   103 ;; This function calls:
   104 ;;		Nothing
   105 ;; This function is called by:
   106 ;;		Startup code after reset
   107 ;; This function uses a non-reentrant model
   108 ;;
   109                           
   110                           	psect	text0
   111  007FA4                     __ptext0:
   112                           	opt callstack 0
   113  007FA4                     _main:
   114                           	opt callstack 31
   115  007FA4                     
   116                           ;main.c: 13:     TRISC= 0x00;
   117  007FA4  0E00               	movlw	0
   118  007FA6  6E94               	movwf	148,c	;volatile
   119                           
   120                           ;main.c: 14:     TRISD = 0x00;
   121  007FA8  0E00               	movlw	0
   122  007FAA  6E95               	movwf	149,c	;volatile
   123                           
   124                           ;main.c: 15:     ADCON1 = 14;
   125  007FAC  0E0E               	movlw	14
   126  007FAE  6EC1               	movwf	193,c	;volatile
   127                           
   128                           ;main.c: 16:     ADCON0bits.CHS=0;
   129  007FB0  0EC3               	movlw	-61
   130  007FB2  16C2               	andwf	194,f,c	;volatile
   131                           
   132                           ;main.c: 17:     ADCON2bits.ACQT = 2;
   133  007FB4  50C0               	movf	192,w,c	;volatile
   134  007FB6  0BC7               	andlw	-57
   135  007FB8  0910               	iorlw	16
   136  007FBA  6EC0               	movwf	192,c	;volatile
   137                           
   138                           ;main.c: 18:     ADCON2bits.ADCS = 4;
   139  007FBC  50C0               	movf	192,w,c	;volatile
   140  007FBE  0BF8               	andlw	-8
   141  007FC0  0904               	iorlw	4
   142  007FC2  6EC0               	movwf	192,c	;volatile
   143  007FC4                     
   144                           ;main.c: 19:     ADCON2bits.ADFM = 1;
   145  007FC4  8EC0               	bsf	192,7,c	;volatile
   146  007FC6                     
   147                           ;main.c: 20:     ADCON0bits.ADON = 1;
   148  007FC6  80C2               	bsf	194,0,c	;volatile
   149  007FC8                     l25:
   150                           
   151                           ;main.c: 23:         ADCON0bits.CHS=10;
   152  007FC8  50C2               	movf	194,w,c	;volatile
   153  007FCA  0BC3               	andlw	-61
   154  007FCC  0928               	iorlw	40
   155  007FCE  6EC2               	movwf	194,c	;volatile
   156  007FD0                     
   157                           ;main.c: 24:         ADCON0bits.GO_nDONE = 1;
   158  007FD0  82C2               	bsf	194,1,c	;volatile
   159  007FD2                     l26:
   160  007FD2  B2C2               	btfsc	194,1,c	;volatile
   161  007FD4  EFEE  F03F         	goto	u11
   162  007FD8  EFF0  F03F         	goto	u10
   163  007FDC                     u11:
   164  007FDC  EFE9  F03F         	goto	l26
   165  007FE0                     u10:
   166  007FE0                     
   167                           ;main.c: 27:         LATD = ADRESL;
   168  007FE0  CFC3 FF8C          	movff	4035,3980	;volatile
   169                           
   170                           ;main.c: 28:         LATC = ADRESH;
   171  007FE4  CFC4 FF8B          	movff	4036,3979	;volatile
   172  007FE8                     
   173                           ;main.c: 30:         _delay((unsigned long)((5)*(4000000L/4000.0)));
   174  007FE8  0E07               	movlw	7
   175  007FEA  6E01               	movwf	??_main^0,c
   176  007FEC  0E7D               	movlw	125
   177  007FEE                     u27:
   178  007FEE  2EE8               	decfsz	wreg,f,c
   179  007FF0  D7FE               	bra	u27
   180  007FF2  2E01               	decfsz	??_main^0,f,c
   181  007FF4  D7FC               	bra	u27
   182  007FF6  F000               	nop	
   183  007FF8  EFE4  F03F         	goto	l25
   184  007FFC  EF00  F000         	goto	start
   185  008000                     __end_of_main:
   186                           	opt callstack 0
   187  0000                     
   188                           	psect	rparam
   189  0000                     tosu	equ	0xFFF
   190                           tosh	equ	0xFFE
   191                           tosl	equ	0xFFD
   192                           stkptr	equ	0xFFC
   193                           pclatu	equ	0xFFB
   194                           pclath	equ	0xFFA
   195                           pcl	equ	0xFF9
   196                           tblptru	equ	0xFF8
   197                           tblptrh	equ	0xFF7
   198                           tblptrl	equ	0xFF6
   199                           tablat	equ	0xFF5
   200                           prodh	equ	0xFF4
   201                           prodl	equ	0xFF3
   202                           indf0	equ	0xFEF
   203                           postinc0	equ	0xFEE
   204                           postdec0	equ	0xFED
   205                           preinc0	equ	0xFEC
   206                           plusw0	equ	0xFEB
   207                           fsr0h	equ	0xFEA
   208                           fsr0l	equ	0xFE9
   209                           wreg	equ	0xFE8
   210                           indf1	equ	0xFE7
   211                           postinc1	equ	0xFE6
   212                           postdec1	equ	0xFE5
   213                           preinc1	equ	0xFE4
   214                           plusw1	equ	0xFE3
   215                           fsr1h	equ	0xFE2
   216                           fsr1l	equ	0xFE1
   217                           bsr	equ	0xFE0
   218                           indf2	equ	0xFDF
   219                           postinc2	equ	0xFDE
   220                           postdec2	equ	0xFDD
   221                           preinc2	equ	0xFDC
   222                           plusw2	equ	0xFDB
   223                           fsr2h	equ	0xFDA
   224                           fsr2l	equ	0xFD9
   225                           status	equ	0xFD8


Data Sizes:
    Strings     0
    Constant    0
    Data        0
    BSS         0
    Persistent  0
    Stack       0

Auto Spaces:
    Space          Size  Autos    Used
    COMRAM           95      1       1
    BANK0           160      0       0
    BANK1           256      0       0
    BANK2           256      0       0
    BANK3           256      0       0
    BANK4           256      0       0
    BANK5           256      0       0
    BANK6           256      0       0
    BANK7           256      0       0

Pointer List with Targets:

    None.

Critical Paths under _main in COMRAM

    None.

Critical Paths under _main in BANK0

    None.

Critical Paths under _main in BANK1

    None.

Critical Paths under _main in BANK2

    None.

Critical Paths under _main in BANK3

    None.

Critical Paths under _main in BANK4

    None.

Critical Paths under _main in BANK5

    None.

Critical Paths under _main in BANK6

    None.

Critical Paths under _main in BANK7

    None.

Call Graph Tables:

 ---------------------------------------------------------------------------------
 (Depth) Function   	        Calls       Base Space   Used Autos Params    Refs
 ---------------------------------------------------------------------------------
 (0) _main                                                 1     1      0       0
                                              0 COMRAM     1     1      0
 ---------------------------------------------------------------------------------
 Estimated maximum stack depth 0
 ---------------------------------------------------------------------------------

 Call Graph Graphs:

 _main (ROOT)

 Address spaces:
Name               Size   Autos  Total    Cost      Usage
BITCOMRAM           5F      0       0       0        0.0%
EEDATA             100      0       0       0        0.0%
NULL                 0      0       0       0        0.0%
CODE                 0      0       0       0        0.0%
COMRAM              5F      1       1       1        1.1%
STACK                0      0       0       2        0.0%
DATA                 0      0       0       3        0.0%
BITBANK0            A0      0       0       4        0.0%
BANK0               A0      0       0       5        0.0%
BITBANK1           100      0       0       6        0.0%
BANK1              100      0       0       7        0.0%
BITBANK2           100      0       0       8        0.0%
BANK2              100      0       0       9        0.0%
BITBANK3           100      0       0      10        0.0%
BANK3              100      0       0      11        0.0%
BITBANK4           100      0       0      12        0.0%
BANK4              100      0       0      13        0.0%
BITBANK5           100      0       0      14        0.0%
BANK5              100      0       0      15        0.0%
BITBANK6           100      0       0      16        0.0%
BANK6              100      0       0      17        0.0%
BITBANK7           100      0       0      18        0.0%
BANK7              100      0       0      19        0.0%
ABS                  0      0       0      20        0.0%
BIGRAM             7FF      0       0      21        0.0%
BITSFR               0      0       0     200        0.0%
SFR                  0      0       0     200        0.0%


Microchip Technology PIC18 Macro Assembler V2.10 build 88905656 
Symbol Table                                                                                   Sun May 24 14:45:02 2020

                     l25 7FC8                       l26 7FD2                       l28 7FE0  
                     u10 7FE0                       u11 7FDC                       u27 7FEE  
            __CFG_BORV$3 000000             __CFG_CP0$OFF 000000             __CFG_CP1$OFF 000000  
           __CFG_CP2$OFF 000000             __CFG_CP3$OFF 000000                      l711 7FC6  
                    l713 7FD0                      l715 7FE8                      l707 7FA4  
                    l709 7FC4             __CFG_CPB$OFF 000000             __CFG_CPD$OFF 000000  
           __CFG_BOR$OFF 000000                      wreg 000FE8             __CFG_LVP$OFF 000000  
           __CFG_WDT$OFF 000000                     _LATC 000F8B                     _LATD 000F8C  
                   _main 7FA4                     start 0000            __CFG_IESO$OFF 000000  
          __CFG_MCLRE$ON 000000             ___param_bank 000000            __CFG_PLLDIV$1 000000  
         __CFG_CCP2MX$ON 000000                    ?_main 0001            __CFG_USBDIV$1 000000  
                  _TRISC 000F94                    _TRISD 000F95            __CFG_PWRT$OFF 000000  
          __CFG_WRT0$OFF 000000            __CFG_WRT1$OFF 000000            __CFG_WRT2$OFF 000000  
          __CFG_WRT3$OFF 000000           __CFG_EBTR0$OFF 000000           __CFG_FCMEN$OFF 000000  
         __CFG_EBTR1$OFF 000000           __CFG_EBTR2$OFF 000000           __CFG_EBTR3$OFF 000000  
          __CFG_WRTB$OFF 000000            __CFG_WRTC$OFF 000000            __CFG_WRTD$OFF 000000  
         __CFG_EBTRB$OFF 000000           __CFG_ICPRT$OFF 000000           __CFG_PBADEN$ON 000000  
        __initialization 7F9E             __end_of_main 8000                   ??_main 0001  
          __activetblptr 000000                   _ADCON1 000FC1                   _ADRESH 000FC4  
                 _ADRESL 000FC3           __CFG_XINST$OFF 000000           __CFG_STVREN$ON 000000  
             __accesstop 0060  __end_of__initialization 7F9E          __CFG_FOSC$XT_XT 000000  
          ___rparam_used 000001           __pcstackCOMRAM 0001          __CFG_VREGEN$OFF 000000  
                __Hparam 0000                  __Lparam 0000                  __pcinit 7F9E  
                __ramtop 0800                  __ptext0 7FA4     end_of_initialization 7F9E  
    start_initialization 7F9E         __CFG_LPT1OSC$OFF 000000         __CFG_WDTPS$32768 000000  
             _ADCON0bits 000FC2               _ADCON2bits 000FC0                 __Hrparam 0000  
               __Lrparam 0000            __size_of_main 005C    __CFG_CPUDIV$OSC1_PLL2 000000  
